2024/02/26 08:14:17 [notice] 1#1: using the "epoll" event method
2024/02/26 08:14:17 [notice] 1#1: nginx/1.25.4
2024/02/26 08:14:17 [notice] 1#1: built by gcc 12.2.0 (Debian 12.2.0-14) 
2024/02/26 08:14:17 [notice] 1#1: OS: Linux 6.5.11-linuxkit
2024/02/26 08:14:17 [notice] 1#1: getrlimit(RLIMIT_NOFILE): 1048576:1048576
2024/02/26 08:14:17 [notice] 1#1: start worker processes
2024/02/26 08:14:17 [notice] 1#1: start worker process 27
2024/02/26 08:14:17 [notice] 1#1: start worker process 28
2024/02/26 08:14:17 [notice] 1#1: start worker process 29
2024/02/26 08:14:17 [notice] 1#1: start worker process 30
2024/02/26 08:18:35 [notice] 1#1: signal 3 (SIGQUIT) received, shutting down
2024/02/26 08:18:35 [notice] 28#28: gracefully shutting down
2024/02/26 08:18:35 [notice] 28#28: exiting
2024/02/26 08:18:35 [notice] 30#30: gracefully shutting down
2024/02/26 08:18:35 [notice] 30#30: exiting
2024/02/26 08:18:35 [notice] 27#27: gracefully shutting down
2024/02/26 08:18:35 [notice] 27#27: exiting
2024/02/26 08:18:35 [notice] 29#29: gracefully shutting down
2024/02/26 08:18:35 [notice] 28#28: exit
2024/02/26 08:18:35 [notice] 30#30: exit
2024/02/26 08:18:35 [notice] 27#27: exit
2024/02/26 08:18:35 [notice] 29#29: exiting
2024/02/26 08:18:35 [notice] 29#29: exit
2024/02/26 08:18:35 [notice] 1#1: signal 17 (SIGCHLD) received from 29
2024/02/26 08:18:35 [notice] 1#1: worker process 27 exited with code 0
2024/02/26 08:18:35 [notice] 1#1: worker process 28 exited with code 0
2024/02/26 08:18:35 [notice] 1#1: worker process 29 exited with code 0
2024/02/26 08:18:35 [notice] 1#1: worker process 30 exited with code 0
2024/02/26 08:18:35 [notice] 1#1: exit
2024/02/27 07:51:52 [emerg] 1#1: host not found in upstream "wordpress" in /etc/nginx/conf.d/load-balancer.conf:52
2024/02/27 07:51:55 [emerg] 1#1: host not found in upstream "wordpress" in /etc/nginx/conf.d/load-balancer.conf:52
2024/02/27 07:51:57 [emerg] 1#1: host not found in upstream "wordpress" in /etc/nginx/conf.d/load-balancer.conf:52
2024/02/27 07:51:58 [emerg] 1#1: host not found in upstream "wordpress" in /etc/nginx/conf.d/load-balancer.conf:52
2024/02/27 07:52:00 [emerg] 1#1: host not found in upstream "wordpress" in /etc/nginx/conf.d/load-balancer.conf:52
2024/02/27 07:52:02 [emerg] 1#1: host not found in upstream "wordpress" in /etc/nginx/conf.d/load-balancer.conf:52
2024/02/27 07:52:05 [emerg] 1#1: host not found in upstream "wordpress" in /etc/nginx/conf.d/load-balancer.conf:52
2024/02/27 07:52:12 [emerg] 1#1: host not found in upstream "wordpress" in /etc/nginx/conf.d/load-balancer.conf:52
2024/02/27 07:52:26 [emerg] 1#1: host not found in upstream "wordpress" in /etc/nginx/conf.d/load-balancer.conf:52
2024/02/27 07:52:53 [emerg] 1#1: host not found in upstream "wordpress" in /etc/nginx/conf.d/load-balancer.conf:52
2024/02/27 07:53:45 [emerg] 1#1: host not found in upstream "wordpress" in /etc/nginx/conf.d/load-balancer.conf:52
2024/02/27 07:54:45 [emerg] 1#1: host not found in upstream "wordpress" in /etc/nginx/conf.d/load-balancer.conf:52
2024/02/27 07:55:46 [emerg] 1#1: host not found in upstream "wordpress" in /etc/nginx/conf.d/load-balancer.conf:52
2024/02/27 07:56:46 [emerg] 1#1: host not found in upstream "wordpress" in /etc/nginx/conf.d/load-balancer.conf:52
2024/02/27 07:57:47 [emerg] 1#1: host not found in upstream "wordpress" in /etc/nginx/conf.d/load-balancer.conf:52
2024/02/27 07:58:47 [notice] 1#1: using the "epoll" event method
2024/02/27 07:58:47 [notice] 1#1: nginx/1.25.4
2024/02/27 07:58:47 [notice] 1#1: built by gcc 12.2.0 (Debian 12.2.0-14) 
2024/02/27 07:58:47 [notice] 1#1: OS: Linux 6.5.11-linuxkit
2024/02/27 07:58:47 [notice] 1#1: getrlimit(RLIMIT_NOFILE): 1048576:1048576
2024/02/27 07:58:47 [notice] 1#1: start worker processes
2024/02/27 07:58:47 [notice] 1#1: start worker process 22
2024/02/27 07:58:47 [notice] 1#1: start worker process 23
2024/02/27 07:58:47 [notice] 1#1: start worker process 24
2024/02/27 07:58:47 [notice] 1#1: start worker process 25
2024/02/27 08:02:52 [notice] 1#1: signal 3 (SIGQUIT) received, shutting down
2024/02/27 08:02:52 [notice] 22#22: gracefully shutting down
2024/02/27 08:02:52 [notice] 22#22: exiting
2024/02/27 08:02:52 [notice] 25#25: gracefully shutting down
2024/02/27 08:02:52 [notice] 25#25: exiting
2024/02/27 08:02:52 [notice] 23#23: gracefully shutting down
2024/02/27 08:02:52 [notice] 23#23: exiting
2024/02/27 08:02:52 [notice] 24#24: gracefully shutting down
2024/02/27 08:02:52 [notice] 22#22: exit
2024/02/27 08:02:52 [notice] 25#25: exit
2024/02/27 08:02:52 [notice] 23#23: exit
2024/02/27 08:02:52 [notice] 24#24: exiting
2024/02/27 08:02:52 [notice] 24#24: exit
2024/02/27 08:02:52 [notice] 1#1: signal 17 (SIGCHLD) received from 25
2024/02/27 08:02:52 [notice] 1#1: worker process 23 exited with code 0
2024/02/27 08:02:52 [notice] 1#1: worker process 25 exited with code 0
2024/02/27 08:02:52 [notice] 1#1: signal 29 (SIGIO) received
2024/02/27 08:02:52 [notice] 1#1: signal 17 (SIGCHLD) received from 22
2024/02/27 08:02:52 [notice] 1#1: worker process 22 exited with code 0
2024/02/27 08:02:52 [notice] 1#1: signal 29 (SIGIO) received
2024/02/27 08:02:52 [notice] 1#1: signal 17 (SIGCHLD) received from 24
2024/02/27 08:02:52 [notice] 1#1: worker process 24 exited with code 0
2024/02/27 08:02:52 [notice] 1#1: exit
2024/02/27 08:05:27 [notice] 1#1: using the "epoll" event method
2024/02/27 08:05:27 [notice] 1#1: nginx/1.25.4
2024/02/27 08:05:27 [notice] 1#1: built by gcc 12.2.0 (Debian 12.2.0-14) 
2024/02/27 08:05:27 [notice] 1#1: OS: Linux 6.5.11-linuxkit
2024/02/27 08:05:27 [notice] 1#1: getrlimit(RLIMIT_NOFILE): 1048576:1048576
2024/02/27 08:05:27 [notice] 1#1: start worker processes
2024/02/27 08:05:27 [notice] 1#1: start worker process 28
2024/02/27 08:05:27 [notice] 1#1: start worker process 29
2024/02/27 08:05:27 [notice] 1#1: start worker process 30
2024/02/27 08:05:27 [notice] 1#1: start worker process 31
2024/02/27 08:20:07 [notice] 1#1: signal 3 (SIGQUIT) received, shutting down
2024/02/27 08:20:07 [notice] 29#29: gracefully shutting down
2024/02/27 08:20:07 [notice] 28#28: gracefully shutting down
2024/02/27 08:20:07 [notice] 28#28: exiting
2024/02/27 08:20:07 [notice] 31#31: gracefully shutting down
2024/02/27 08:20:07 [notice] 30#30: gracefully shutting down
2024/02/27 08:20:07 [notice] 29#29: exiting
2024/02/27 08:20:07 [notice] 28#28: exit
2024/02/27 08:20:07 [notice] 31#31: exiting
2024/02/27 08:20:07 [notice] 31#31: exit
2024/02/27 08:20:07 [notice] 30#30: exiting
2024/02/27 08:20:07 [notice] 29#29: exit
2024/02/27 08:20:07 [notice] 30#30: exit
2024/02/27 08:20:07 [notice] 1#1: signal 17 (SIGCHLD) received from 28
2024/02/27 08:20:07 [notice] 1#1: worker process 28 exited with code 0
2024/02/27 08:20:07 [notice] 1#1: signal 29 (SIGIO) received
2024/02/27 08:20:07 [notice] 1#1: signal 17 (SIGCHLD) received from 31
2024/02/27 08:20:07 [notice] 1#1: worker process 29 exited with code 0
2024/02/27 08:20:07 [notice] 1#1: worker process 30 exited with code 0
2024/02/27 08:20:07 [notice] 1#1: worker process 31 exited with code 0
2024/02/27 08:20:07 [notice] 1#1: exit
